#
# A fatal error has been detected by the Java Runtime Environment:
#
#  SIGSEGV (0xb) at pc=0x00007f2d24c233ba, pid=4184, tid=139831050159872
#
# JRE version: OpenJDK Runtime Environment (7.0_75-b13) (build 1.7.0_75-b13)
# Java VM: OpenJDK 64-Bit Server VM (24.75-b04 mixed mode linux-amd64 compressed oops)
# Derivative: IcedTea 2.5.4
# Distribution: Ubuntu 14.10, package 7u75-2.5.4-1~utopic1
# Problematic frame:
# v  ~BufferBlob::jni_fast_GetLongField
#
# Failed to write core dump. Core dumps have been disabled. To enable core dumping, try "ulimit -c unlimited" before starting Java again
#
# If you would like to submit a bug report, please include
# instructions on how to reproduce the bug and visit:
#   http://icedtea.classpath.org/bugzilla
# The crash happened outside the Java Virtual Machine in native code.
# See problematic frame for where to report the bug.
#

---------------  T H R E A D  ---------------

Current thread (0x00007f2d281eb800):  JavaThread "AWT-XAWT" daemon [_thread_in_native, id=4201, stack(0x00007f2cf402c000,0x00007f2cf412d000)]

siginfo:si_signo=SIGSEGV: si_errno=0, si_code=1 (SEGV_MAPERR), si_addr=0x0000000000000000

Registers:
RAX=0x00007f2d2dc1f180, RBX=0x00007f2d281eb9d8, RCX=0x0000000000000000, RDX=0x0000000000000042
RSP=0x00007f2cf412b808, RBP=0x00007f2cf412b830, RSI=0x0000000000000000, RDI=0x00007f2d281eb9d8
R8 =0x00007f2d1d465250, R9 =0x0000000000000000, R10=0x0000000000000012, R11=0x00007f2d2d6ae910
R12=0x00007f2cd812fe00, R13=0x0000000000000000, R14=0x00007f2d1dbd7e80, R15=0x00007f2d281eb800
RIP=0x00007f2d24c233ba, EFLAGS=0x0000000000010246, CSGSFS=0x0000000000000033, ERR=0x0000000000000004
  TRAPNO=0x000000000000000e

Top of Stack: (sp=0x00007f2cf412b808)
0x00007f2cf412b808:   00007f2d1d9a8c14 000000077a168128
0x00007f2cf412b818:   00007f2cd812fe00 000000077a168128
0x00007f2cf412b828:   00007f2cf412b918 0000000000000000
0x00007f2cf412b838:   00007f2d1d46d4e0 000000077a168128
0x00007f2cf412b848:   00007f2cf412b870 0000000000000000
0x00007f2cf412b858:   00007f2d1d465273 000000077a168128
0x00007f2cf412b868:   00007f2d1d99d23f 00007f2cf412b8e0
0x00007f2cf412b878:   00007f2d24bda7f8 00007f2d24bce233
0x00007f2cf412b888:   0000000000000000 0000000785cac3a8
0x00007f2cf412b898:   0000000000000000 00007f2cf412b8a0
0x00007f2cf412b8a8:   0000000000000000 00007f2cf412b918
0x00007f2cf412b8b8:   000000077a16e2b0 0000000000000000
0x00007f2cf412b8c8:   000000077a168128 0000000000000000
0x00007f2cf412b8d8:   00007f2cf412b900 00007f2cf412b960
0x00007f2cf412b8e8:   00007f2d24bce350 0000000785caca98
0x00007f2cf412b8f8:   00007f2d24bd6cc0 0000000000000000
0x00007f2cf412b908:   00007f2cf412b960 00007f2ce4002dc0
0x00007f2cf412b918:   000000078628aaa8 00007f2cf412b920
0x00007f2cf412b928:   000000077a1271bc 00007f2cf412b9a8
0x00007f2cf412b938:   000000077a146dd0 000000077a962a60
0x00007f2cf412b948:   000000077a127350 00007f2cf412b900
0x00007f2cf412b958:   00007f2cf412b9a0 00007f2cf412b9f0
0x00007f2cf412b968:   00007f2d24bce058 0000000000000000
0x00007f2cf412b978:   00000007dab4bda8 0000000000000000
0x00007f2cf412b988:   0000000000000000 0000000000000000
0x00007f2cf412b998:   000000078628aaa8 0000000000000000
0x00007f2cf412b9a8:   00000007dab50830 00007f2cf412b9b0
0x00007f2cf412b9b8:   000000077a126fb5 00007f2cf412ba00
0x00007f2cf412b9c8:   000000077a146dd0 0000000000000000
0x00007f2cf412b9d8:   000000077a126fd0 00007f2cf412b9a0
0x00007f2cf412b9e8:   00007f2cf412ba00 00007f2cf412ba48
0x00007f2cf412b9f8:   00007f2d24bce706 00000007dab50830 

Instructions: (pc=0x00007f2d24c233ba)
0x00007f2d24c2339a:   00 00 00 00 00 00 44 8b 15 c5 56 02 09 4c 8b ce
0x00007f2d24c233aa:   41 f6 c2 01 0f 85 2e 00 00 00 4d 33 ca 4d 33 ca
0x00007f2d24c233ba:   4d 8b 09 4c 8b da 49 c1 eb 02 4b 8b 04 19 49 bb
0x00007f2d24c233ca:   6c 8a c4 2d 2d 7f 00 00 4c 33 d8 4c 33 d8 45 3b 

Register to memory mapping:

RAX=0x00007f2d2dc1f180: <offset 0xdfb180> in /usr/lib/jvm/java-7-openjdk-amd64/jre/lib/amd64/server/libjvm.so at 0x00007f2d2ce24000
RBX=0x00007f2d281eb9d8 is an unknown value
RCX=0x0000000000000000 is an unknown value
RDX=0x0000000000000042 is an unknown value
RSP=0x00007f2cf412b808 is pointing into the stack for thread: 0x00007f2d281eb800
RBP=0x00007f2cf412b830 is pointing into the stack for thread: 0x00007f2d281eb800
RSI=0x0000000000000000 is an unknown value
RDI=0x00007f2d281eb9d8 is an unknown value
R8 =0x00007f2d1d465250: <offset 0x5a250> in /usr/lib/x86_64-linux-gnu/libX11.so.6 at 0x00007f2d1d40b000
R9 =0x0000000000000000 is an unknown value
R10=0x0000000000000012 is an unknown value
R11=0x00007f2d2d6ae910: <offset 0x88a910> in /usr/lib/jvm/java-7-openjdk-amd64/jre/lib/amd64/server/libjvm.so at 0x00007f2d2ce24000
R12=0x00007f2cd812fe00 is an unknown value
R13=0x0000000000000000 is an unknown value
R14=0x00007f2d1dbd7e80: <offset 0x24be80> in /usr/lib/jvm/java-7-openjdk-amd64/jre/lib/amd64/xawt/libmawt.so at 0x00007f2d1d98c000
R15=0x00007f2d281eb800 is a thread


Stack: [0x00007f2cf402c000,0x00007f2cf412d000],  sp=0x00007f2cf412b808,  free space=1022k
Native frames: (J=compiled Java code, j=interpreted, Vv=VM code, C=native code)
v  ~BufferBlob::jni_fast_GetLongField

Java frames: (J=compiled Java code, j=interpreted, Vv=VM code)
j  sun.awt.X11.XlibWrapper.XFilterEvent(JJ)Z+0
j  sun.awt.X11.XToolkit.run(Z)V+300
j  sun.awt.X11.XToolkit.run()V+5
j  java.lang.Thread.run()V+11
v  ~StubRoutines::call_stub

---------------  P R O C E S S  ---------------

Java Threads: ( => current thread )
  0x00007f2cd810c800 JavaThread "TimerQueue" daemon [_thread_blocked, id=4204, stack(0x00007f2ceb21d000,0x00007f2ceb31e000)]
  0x00007f2d28008000 JavaThread "DestroyJavaVM" [_thread_blocked, id=4189, stack(0x00007f2d2e954000,0x00007f2d2ea55000)]
  0x00007f2d281ef000 JavaThread "AWT-EventQueue-0" [_thread_blocked, id=4203, stack(0x00007f2cebdfe000,0x00007f2cebeff000)]
  0x00007f2d281ed800 JavaThread "AWT-Shutdown" [_thread_blocked, id=4202, stack(0x00007f2cebeff000,0x00007f2cec000000)]
=>0x00007f2d281eb800 JavaThread "AWT-XAWT" daemon [_thread_in_native, id=4201, stack(0x00007f2cf402c000,0x00007f2cf412d000)]
  0x00007f2d281ca000 JavaThread "Java2D Disposer" daemon [_thread_blocked, id=4200, stack(0x00007f2d1c04e000,0x00007f2d1c14f000)]
  0x00007f2d280aa800 JavaThread "Service Thread" daemon [_thread_blocked, id=4198, stack(0x00007f2d1dfab000,0x00007f2d1e0ac000)]
  0x00007f2d280a8000 JavaThread "C2 CompilerThread1" daemon [_thread_blocked, id=4197, stack(0x00007f2d1e0ac000,0x00007f2d1e1ad000)]
  0x00007f2d280a5000 JavaThread "C2 CompilerThread0" daemon [_thread_blocked, id=4196, stack(0x00007f2d1e1ad000,0x00007f2d1e2ae000)]
  0x00007f2d280a2800 JavaThread "Signal Dispatcher" daemon [_thread_blocked, id=4195, stack(0x00007f2d1e2ae000,0x00007f2d1e3af000)]
  0x00007f2d28075800 JavaThread "Finalizer" daemon [_thread_blocked, id=4194, stack(0x00007f2d1ed85000,0x00007f2d1ee86000)]
  0x00007f2d28073800 JavaThread "Reference Handler" daemon [_thread_blocked, id=4193, stack(0x00007f2d1ee86000,0x00007f2d1ef87000)]

Other Threads:
  0x00007f2d2806f000 VMThread [stack: 0x00007f2d1ef87000,0x00007f2d1f088000] [id=4192]
  0x00007f2d280b5000 WatcherThread [stack: 0x00007f2d1deaa000,0x00007f2d1dfab000] [id=4199]

VM state:not at safepoint (normal execution)

VM Mutex/Monitor currently owned by a thread: None

Heap
 PSYoungGen      total 69632K, used 61952K [0x00000007d6c00000, 0x00000007df400000, 0x0000000800000000)
  eden space 64512K, 88% used [0x00000007d6c00000,0x00000007da385480,0x00000007dab00000)
  from space 5120K, 99% used [0x00000007dab00000,0x00000007daffabd8,0x00000007db000000)
  to   space 5120K, 0% used [0x00000007def00000,0x00000007def00000,0x00000007df400000)
 ParOldGen       total 84480K, used 35155K [0x0000000784400000, 0x0000000789680000, 0x00000007d6c00000)
  object space 84480K, 41% used [0x0000000784400000,0x0000000786654d10,0x0000000789680000)
 PSPermGen       total 21504K, used 11682K [0x0000000779e00000, 0x000000077b300000, 0x0000000784400000)
  object space 21504K, 54% used [0x0000000779e00000,0x000000077a968870,0x000000077b300000)

Card table byte_map: [0x00007f2d24796000,0x00007f2d24bc8000] byte_map_base: 0x00007f2d20bc7000

Polling page: 0x00007f2d2ea8f000

Code Cache  [0x00007f2d24bc8000, 0x00007f2d24e38000, 0x00007f2d27bc8000)
 total_blobs=567 nmethods=109 adapters=412 free_code_cache=48430Kb largest_free_block=49571136

Compilation events (10 events):
Event: 13,161 Thread 0x00007f2d280a5000  106             java.awt.Component::inside (30 bytes)
Event: 13,162 Thread 0x00007f2d280a5000 nmethod 106 0x00007f2d24c75cd0 code [0x00007f2d24c75e00, 0x00007f2d24c75e78]
Event: 13,945 Thread 0x00007f2d280a8000  107             javax.swing.JComponent::contains (27 bytes)
Event: 13,945 Thread 0x00007f2d280a8000 nmethod 107 0x00007f2d24c3f5d0 code [0x00007f2d24c3f700, 0x00007f2d24c3f798]
Event: 14,081 Thread 0x00007f2d280a5000  108             java.awt.Component::getCursor_NoClientCode (30 bytes)
Event: 14,082 Thread 0x00007f2d280a5000 nmethod 108 0x00007f2d24c40750 code [0x00007f2d24c408a0, 0x00007f2d24c40968]
Event: 14,401 Thread 0x00007f2d280a8000  109             java.util.HashMap::getEntry (86 bytes)
Event: 14,404 Thread 0x00007f2d280a8000 nmethod 109 0x00007f2d24c401d0 code [0x00007f2d24c40340, 0x00007f2d24c40568]
Event: 47,808 Thread 0x00007f2d280a5000  110             sun.awt.X11.XToolkit::getDisplay (4 bytes)
Event: 47,809 Thread 0x00007f2d280a5000 nmethod 110 0x00007f2d24c75ad0 code [0x00007f2d24c75c00, 0x00007f2d24c75c58]

GC Heap History (6 events):
Event: 0,649 GC heap before
{Heap before GC invocations=1 (full 0):
 PSYoungGen      total 37376K, used 32256K [0x00000007d6c00000, 0x00000007d9580000, 0x0000000800000000)
  eden space 32256K, 100% used [0x00000007d6c00000,0x00000007d8b80000,0x00000007d8b80000)
  from space 5120K, 0% used [0x00000007d9080000,0x00000007d9080000,0x00000007d9580000)
  to   space 5120K, 0% used [0x00000007d8b80000,0x00000007d8b80000,0x00000007d9080000)
 ParOldGen       total 84480K, used 0K [0x0000000784400000, 0x0000000789680000, 0x00000007d6c00000)
  object space 84480K, 0% used [0x0000000784400000,0x0000000784400000,0x0000000789680000)
 PSPermGen       total 21504K, used 5939K [0x0000000779e00000, 0x000000077b300000, 0x0000000784400000)
  object space 21504K, 27% used [0x0000000779e00000,0x000000077a3cce48,0x000000077b300000)
Event: 0,657 GC heap after
Heap after GC invocations=1 (full 0):
 PSYoungGen      total 37376K, used 2918K [0x00000007d6c00000, 0x00000007db500000, 0x0000000800000000)
  eden space 32256K, 0% used [0x00000007d6c00000,0x00000007d6c00000,0x00000007d8b80000)
  from space 5120K, 57% used [0x00000007d8b80000,0x00000007d8e59a60,0x00000007d9080000)
  to   space 5120K, 0% used [0x00000007db000000,0x00000007db000000,0x00000007db500000)
 ParOldGen       total 84480K, used 0K [0x0000000784400000, 0x0000000789680000, 0x00000007d6c00000)
  object space 84480K, 0% used [0x0000000784400000,0x0000000784400000,0x0000000789680000)
 PSPermGen       total 21504K, used 5939K [0x0000000779e00000, 0x000000077b300000, 0x0000000784400000)
  object space 21504K, 27% used [0x0000000779e00000,0x000000077a3cce48,0x000000077b300000)
}
Event: 1,133 GC heap before
{Heap before GC invocations=2 (full 0):
 PSYoungGen      total 37376K, used 27842K [0x00000007d6c00000, 0x00000007db500000, 0x0000000800000000)
  eden space 32256K, 77% used [0x00000007d6c00000,0x00000007d8456f90,0x00000007d8b80000)
  from space 5120K, 57% used [0x00000007d8b80000,0x00000007d8e59a60,0x00000007d9080000)
  to   space 5120K, 0% used [0x00000007db000000,0x00000007db000000,0x00000007db500000)
 ParOldGen       total 84480K, used 0K [0x0000000784400000, 0x0000000789680000, 0x00000007d6c00000)
  object space 84480K, 0% used [0x0000000784400000,0x0000000784400000,0x0000000789680000)
 PSPermGen       total 21504K, used 8961K [0x0000000779e00000, 0x000000077b300000, 0x0000000784400000)
  object space 21504K, 41% used [0x0000000779e00000,0x000000077a6c0528,0x000000077b300000)
Event: 1,152 GC heap after
Heap after GC invocations=2 (full 0):
 PSYoungGen      total 69632K, used 4723K [0x00000007d6c00000, 0x00000007db500000, 0x0000000800000000)
  eden space 64512K, 0% used [0x00000007d6c00000,0x00000007d6c00000,0x00000007dab00000)
  from space 5120K, 92% used [0x00000007db000000,0x00000007db49ccf0,0x00000007db500000)
  to   space 5120K, 0% used [0x00000007dab00000,0x00000007dab00000,0x00000007db000000)
 ParOldGen       total 84480K, used 7559K [0x0000000784400000, 0x0000000789680000, 0x00000007d6c00000)
  object space 84480K, 8% used [0x0000000784400000,0x0000000784b61c30,0x0000000789680000)
 PSPermGen       total 21504K, used 8961K [0x0000000779e00000, 0x000000077b300000, 0x0000000784400000)
  object space 21504K, 41% used [0x0000000779e00000,0x000000077a6c0528,0x000000077b300000)
}
Event: 1,740 GC heap before
{Heap before GC invocations=3 (full 0):
 PSYoungGen      total 69632K, used 65694K [0x00000007d6c00000, 0x00000007db500000, 0x0000000800000000)
  eden space 64512K, 94% used [0x00000007d6c00000,0x00000007da78ab60,0x00000007dab00000)
  from space 5120K, 92% used [0x00000007db000000,0x00000007db49ccf0,0x00000007db500000)
  to   space 5120K, 0% used [0x00000007dab00000,0x00000007dab00000,0x00000007db000000)
 ParOldGen       total 84480K, used 7559K [0x0000000784400000, 0x0000000789680000, 0x00000007d6c00000)
  object space 84480K, 8% used [0x0000000784400000,0x0000000784b61c30,0x0000000789680000)
 PSPermGen       total 21504K, used 10794K [0x0000000779e00000, 0x000000077b300000, 0x0000000784400000)
  object space 21504K, 50% used [0x0000000779e00000,0x000000077a88a810,0x000000077b300000)
Event: 1,794 GC heap after
Heap after GC invocations=3 (full 0):
 PSYoungGen      total 69632K, used 5098K [0x00000007d6c00000, 0x00000007df400000, 0x0000000800000000)
  eden space 64512K, 0% used [0x00000007d6c00000,0x00000007d6c00000,0x00000007dab00000)
  from space 5120K, 99% used [0x00000007dab00000,0x00000007daffabd8,0x00000007db000000)
  to   space 5120K, 0% used [0x00000007def00000,0x00000007def00000,0x00000007df400000)
 ParOldGen       total 84480K, used 35155K [0x0000000784400000, 0x0000000789680000, 0x00000007d6c00000)
  object space 84480K, 41% used [0x0000000784400000,0x0000000786654d10,0x0000000789680000)
 PSPermGen       total 21504K, used 10794K [0x0000000779e00000, 0x000000077b300000, 0x0000000784400000)
  object space 21504K, 50% used [0x0000000779e00000,0x000000077a88a810,0x000000077b300000)
}

Deoptimization events (4 events):
Event: 1,407 Thread 0x00007f2d281ef000 Uncommon trap: reason=class_check action=maybe_recompile pc=0x00007f2d24c58938 method=java.util.Properties$LineReader.readLine()I @ 62
Event: 1,408 Thread 0x00007f2d281ef000 Uncommon trap: reason=class_check action=maybe_recompile pc=0x00007f2d24c58938 method=java.util.Properties$LineReader.readLine()I @ 62
Event: 1,409 Thread 0x00007f2d281ef000 Uncommon trap: reason=class_check action=maybe_recompile pc=0x00007f2d24c58938 method=java.util.Properties$LineReader.readLine()I @ 62
Event: 1,410 Thread 0x00007f2d281ef000 Uncommon trap: reason=class_check action=maybe_recompile pc=0x00007f2d24c58938 method=java.util.Properties$LineReader.readLine()I @ 62

Internal exceptions (10 events):
Event: 0,186 Thread 0x00007f2d281ef000 Threw 0x00000007d6d61c00 at /build/buildd/openjdk-7-7u75-2.5.4/build/openjdk/hotspot/src/share/vm/prims/jvm.cpp:1284
Event: 0,187 Thread 0x00007f2d281ef000 Threw 0x00000007d6d64360 at /build/buildd/openjdk-7-7u75-2.5.4/build/openjdk/hotspot/src/share/vm/prims/jvm.cpp:1284
Event: 0,188 Thread 0x00007f2d281ef000 Threw 0x00000007d6d67058 at /build/buildd/openjdk-7-7u75-2.5.4/build/openjdk/hotspot/src/share/vm/prims/jvm.cpp:1284
Event: 0,318 Thread 0x00007f2d281ef000 Threw 0x00000007d71a6f80 at /build/buildd/openjdk-7-7u75-2.5.4/build/openjdk/hotspot/src/share/vm/prims/jvm.cpp:1284
Event: 0,802 Thread 0x00007f2d281ef000 Threw 0x00000007d77f10f8 at /build/buildd/openjdk-7-7u75-2.5.4/build/openjdk/hotspot/src/share/vm/prims/jvm.cpp:1284
Event: 0,808 Thread 0x00007f2d281ef000 Threw 0x00000007d77f4b90 at /build/buildd/openjdk-7-7u75-2.5.4/build/openjdk/hotspot/src/share/vm/prims/jvm.cpp:1284
Event: 0,811 Thread 0x00007f2d281ef000 Threw 0x00000007d77f7310 at /build/buildd/openjdk-7-7u75-2.5.4/build/openjdk/hotspot/src/share/vm/prims/jvm.cpp:1284
Event: 1,034 Thread 0x00007f2d281ef000 Threw 0x00000007d78cf510 at /build/buildd/openjdk-7-7u75-2.5.4/build/openjdk/hotspot/src/share/vm/prims/jvm.cpp:1284
Event: 2,205 Thread 0x00007f2d281ef000 Threw 0x00000007d9bf9130 at /build/buildd/openjdk-7-7u75-2.5.4/build/openjdk/hotspot/src/share/vm/prims/jvm.cpp:1284
Event: 3,563 Thread 0x00007f2d281ef000 Threw 0x00000007d9c49aa0 at /build/buildd/openjdk-7-7u75-2.5.4/build/openjdk/hotspot/src/share/vm/prims/jvm.cpp:1284

Events (10 events):
Event: 14,449 loading class 0x00007f2d280be720
Event: 14,449 loading class 0x00007f2d280be720 done
Event: 14,457 loading class 0x00007f2cf8093620
Event: 14,457 loading class 0x00007f2cf8093620 done
Event: 14,710 loading class 0x00007f2d2810d000
Event: 14,710 loading class 0x00007f2d2810d000 done
Event: 1301,955 loading class 0x00007f2d04021260
Event: 1301,955 loading class 0x00007f2d04021260 done
Event: 1302,013 loading class 0x00007f2d040370e0
Event: 1302,013 loading class 0x00007f2d040370e0 done


Dynamic libraries:
00400000-00401000 r-xp 00000000 08:01 1703363                            /usr/lib/jvm/java-7-openjdk-amd64/jre/bin/java
00600000-00601000 r--p 00000000 08:01 1703363                            /usr/lib/jvm/java-7-openjdk-amd64/jre/bin/java
00601000-00602000 rw-p 00001000 08:01 1703363                            /usr/lib/jvm/java-7-openjdk-amd64/jre/bin/java
024b8000-024d9000 rw-p 00000000 00:00 0                                  [heap]
779e00000-77b300000 rw-p 00000000 00:00 0 
77b300000-784400000 rw-p 00000000 00:00 0 
784400000-789680000 rw-p 00000000 00:00 0 
789680000-7d6c00000 rw-p 00000000 00:00 0 
7d6c00000-7df400000 rw-p 00000000 00:00 0 
7df400000-800000000 rw-p 00000000 00:00 0 
7f2cd8000000-7f2cd8141000 rw-p 00000000 00:00 0 
7f2cd8141000-7f2cdc000000 ---p 00000000 00:00 0 
7f2ce0000000-7f2ce0021000 rw-p 00000000 00:00 0 
7f2ce0021000-7f2ce4000000 ---p 00000000 00:00 0 
7f2ce4000000-7f2ce4021000 rw-p 00000000 00:00 0 
7f2ce4021000-7f2ce8000000 ---p 00000000 00:00 0 
7f2ceaa5e000-7f2ceab3d000 r-xp 00000000 08:01 1703302                    /usr/lib/jvm/java-7-openjdk-amd64/jre/lib/amd64/libmlib_image.so
7f2ceab3d000-7f2cead3d000 ---p 000df000 08:01 1703302                    /usr/lib/jvm/java-7-openjdk-amd64/jre/lib/amd64/libmlib_image.so
7f2cead3d000-7f2cead3e000 r--p 000df000 08:01 1703302                    /usr/lib/jvm/java-7-openjdk-amd64/jre/lib/amd64/libmlib_image.so
7f2cead3e000-7f2cead3f000 rw-p 000e0000 08:01 1703302                    /usr/lib/jvm/java-7-openjdk-amd64/jre/lib/amd64/libmlib_image.so
7f2cead3f000-7f2ceb21d000 rw-s 00000000 00:04 67600389                   /SYSV00000000 (deleted)
7f2ceb21d000-7f2ceb220000 ---p 00000000 00:00 0 
7f2ceb220000-7f2ceb31e000 rw-p 00000000 00:00 0                          [stack:4204]
7f2ceb31e000-7f2ceb32f000 r-xp 00000000 08:01 1703309                    /usr/lib/jvm/java-7-openjdk-amd64/jre/lib/amd64/libnio.so
7f2ceb32f000-7f2ceb52e000 ---p 00011000 08:01 1703309                    /usr/lib/jvm/java-7-openjdk-amd64/jre/lib/amd64/libnio.so
7f2ceb52e000-7f2ceb52f000 r--p 00010000 08:01 1703309                    /usr/lib/jvm/java-7-openjdk-amd64/jre/lib/amd64/libnio.so
7f2ceb52f000-7f2ceb530000 rw-p 00011000 08:01 1703309                    /usr/lib/jvm/java-7-openjdk-amd64/jre/lib/amd64/libnio.so
7f2ceb530000-7f2ceb547000 r-xp 00000000 08:01 1703315                    /usr/lib/jvm/java-7-openjdk-amd64/jre/lib/amd64/libnet.so
7f2ceb547000-7f2ceb746000 ---p 00017000 08:01 1703315                    /usr/lib/jvm/java-7-openjdk-amd64/jre/lib/amd64/libnet.so
7f2ceb746000-7f2ceb747000 r--p 00016000 08:01 1703315                    /usr/lib/jvm/java-7-openjdk-amd64/jre/lib/amd64/libnet.so
7f2ceb747000-7f2ceb748000 rw-p 00017000 08:01 1703315                    /usr/lib/jvm/java-7-openjdk-amd64/jre/lib/amd64/libnet.so
7f2ceb748000-7f2ceb79a000 r-xp 00000000 08:01 1703312                    /usr/lib/jvm/java-7-openjdk-amd64/jre/lib/amd64/libfontmanager.so
7f2ceb79a000-7f2ceb99a000 ---p 00052000 08:01 1703312                    /usr/lib/jvm/java-7-openjdk-amd64/jre/lib/amd64/libfontmanager.so
7f2ceb99a000-7f2ceb99d000 r--p 00052000 08:01 1703312                    /usr/lib/jvm/java-7-openjdk-amd64/jre/lib/amd64/libfontmanager.so
7f2ceb99d000-7f2ceb99e000 rw-p 00055000 08:01 1703312                    /usr/lib/jvm/java-7-openjdk-amd64/jre/lib/amd64/libfontmanager.so
7f2ceb99e000-7f2ceb9e1000 r-xp 00000000 08:01 1578166                    /usr/lib/x86_64-linux-gnu/libjpeg.so.8.0.2
7f2ceb9e1000-7f2cebbe1000 ---p 00043000 08:01 1578166                    /usr/lib/x86_64-linux-gnu/libjpeg.so.8.0.2
7f2cebbe1000-7f2cebbe2000 r--p 00043000 08:01 1578166                    /usr/lib/x86_64-linux-gnu/libjpeg.so.8.0.2
7f2cebbe2000-7f2cebbe3000 rw-p 00044000 08:01 1578166                    /usr/lib/x86_64-linux-gnu/libjpeg.so.8.0.2
7f2cebbe3000-7f2cebbf3000 rw-p 00000000 00:00 0 
7f2cebbf3000-7f2cebbfd000 r-xp 00000000 08:01 1703308                    /usr/lib/jvm/java-7-openjdk-amd64/jre/lib/amd64/libjavajpeg.so
7f2cebbfd000-7f2cebdfc000 ---p 0000a000 08:01 1703308                    /usr/lib/jvm/java-7-openjdk-amd64/jre/lib/amd64/libjavajpeg.so
7f2cebdfc000-7f2cebdfd000 r--p 00009000 08:01 1703308                    /usr/lib/jvm/java-7-openjdk-amd64/jre/lib/amd64/libjavajpeg.so
7f2cebdfd000-7f2cebdfe000 rw-p 0000a000 08:01 1703308                    /usr/lib/jvm/java-7-openjdk-amd64/jre/lib/amd64/libjavajpeg.so
7f2cebdfe000-7f2cebe01000 ---p 00000000 00:00 0 
7f2cebe01000-7f2cebeff000 rw-p 00000000 00:00 0                          [stack:4203]
7f2cebeff000-7f2cebf02000 ---p 00000000 00:00 0 
7f2cebf02000-7f2cec000000 rw-p 00000000 00:00 0                          [stack:4202]
7f2cec000000-7f2cec021000 rw-p 00000000 00:00 0 
7f2cec021000-7f2cf0000000 ---p 00000000 00:00 0 
7f2cf0000000-7f2cf0021000 rw-p 00000000 00:00 0 
7f2cf0021000-7f2cf4000000 ---p 00000000 00:00 0 
7f2cf402c000-7f2cf402f000 ---p 00000000 00:00 0 
7f2cf402f000-7f2cf412d000 rw-p 00000000 00:00 0                          [stack:4201]
7f2cf412d000-7f2cf4132000 r-xp 00000000 08:01 1579056                    /usr/lib/x86_64-linux-gnu/libXfixes.so.3.1.0
7f2cf4132000-7f2cf4331000 ---p 00005000 08:01 1579056                    /usr/lib/x86_64-linux-gnu/libXfixes.so.3.1.0
7f2cf4331000-7f2cf4332000 r--p 00004000 08:01 1579056                    /usr/lib/x86_64-linux-gnu/libXfixes.so.3.1.0
7f2cf4332000-7f2cf4333000 rw-p 00005000 08:01 1579056                    /usr/lib/x86_64-linux-gnu/libXfixes.so.3.1.0
7f2cf4333000-7f2cf433c000 r-xp 00000000 08:01 1577638                    /usr/lib/x86_64-linux-gnu/libXcursor.so.1.0.2
7f2cf433c000-7f2cf453b000 ---p 00009000 08:01 1577638                    /usr/lib/x86_64-linux-gnu/libXcursor.so.1.0.2
7f2cf453b000-7f2cf453c000 r--p 00008000 08:01 1577638                    /usr/lib/x86_64-linux-gnu/libXcursor.so.1.0.2
7f2cf453c000-7f2cf453d000 rw-p 00009000 08:01 1577638                    /usr/lib/x86_64-linux-gnu/libXcursor.so.1.0.2
7f2cf453d000-7f2cf4540000 r-xp 00000000 08:01 392540                     /lib/x86_64-linux-gnu/libkeyutils.so.1.5
7f2cf4540000-7f2cf473f000 ---p 00003000 08:01 392540                     /lib/x86_64-linux-gnu/libkeyutils.so.1.5
7f2cf473f000-7f2cf4740000 r--p 00002000 08:01 392540                     /lib/x86_64-linux-gnu/libkeyutils.so.1.5
7f2cf4740000-7f2cf4741000 rw-p 00003000 08:01 392540                     /lib/x86_64-linux-gnu/libkeyutils.so.1.5
7f2cf4741000-7f2cf47ad000 r-xp 00000000 08:01 393682                     /lib/x86_64-linux-gnu/libpcre.so.3.13.1
7f2cf47ad000-7f2cf49ac000 ---p 0006c000 08:01 393682                     /lib/x86_64-linux-gnu/libpcre.so.3.13.1
7f2cf49ac000-7f2cf49ad000 r--p 0006b000 08:01 393682                     /lib/x86_64-linux-gnu/libpcre.so.3.13.1
7f2cf49ad000-7f2cf49ae000 rw-p 0006c000 08:01 393682                     /lib/x86_64-linux-gnu/libpcre.so.3.13.1
7f2cf49ae000-7f2cf49d3000 r-xp 00000000 08:01 393765                     /lib/x86_64-linux-gnu/libpng12.so.0.51.0
7f2cf49d3000-7f2cf4bd2000 ---p 00025000 08:01 393765                     /lib/x86_64-linux-gnu/libpng12.so.0.51.0
7f2cf4bd2000-7f2cf4bd3000 r--p 00024000 08:01 393765                     /lib/x86_64-linux-gnu/libpng12.so.0.51.0
7f2cf4bd3000-7f2cf4bd4000 rw-p 00025000 08:01 393765                     /lib/x86_64-linux-gnu/libpng12.so.0.51.0
7f2cf4bd4000-7f2cf4c1a000 r-xp 00000000 08:01 392497                     /lib/x86_64-linux-gnu/libdbus-1.so.3.8.7
7f2cf4c1a000-7f2cf4e19000 ---p 00046000 08:01 392497                     /lib/x86_64-linux-gnu/libdbus-1.so.3.8.7
7f2cf4e19000-7f2cf4e1b000 r--p 00045000 08:01 392497                     /lib/x86_64-linux-gnu/libdbus-1.so.3.8.7
7f2cf4e1b000-7f2cf4e1c000 rw-p 00047000 08:01 392497                     /lib/x86_64-linux-gnu/libdbus-1.so.3.8.7
7f2cf4e1c000-7f2cf4e9a000 r-xp 00000000 08:01 1573331                    /usr/lib/x86_64-linux-gnu/libgmp.so.10.2.0
7f2cf4e9a000-7f2cf509a000 ---p 0007e000 08:01 1573331                    /usr/lib/x86_64-linux-gnu/libgmp.so.10.2.0
7f2cf509a000-7f2cf509b000 r--p 0007e000 08:01 1573331                    /usr/lib/x86_64-linux-gnu/libgmp.so.10.2.0
7f2cf509b000-7f2cf509c000 rw-p 0007f000 08:01 1573331                    /usr/lib/x86_64-linux-gnu/libgmp.so.10.2.0
7f2cf509c000-7f2cf50c8000 r-xp 00000000 08:01 1570288                    /usr/lib/x86_64-linux-gnu/libhogweed.so.2.5
7f2cf50c8000-7f2cf52c8000 ---p 0002c000 08:01 1570288                    /usr/lib/x86_64-linux-gnu/libhogweed.so.2.5
7f2cf52c8000-7f2cf52c9000 r--p 0002c000 08:01 1570288                    /usr/lib/x86_64-linux-gnu/libhogweed.so.2.5
7f2cf52c9000-7f2cf52ca000 rw-p 0002d000 08:01 1570288                    /usr/lib/x86_64-linux-gnu/libhogweed.so.2.5
7f2cf52ca000-7f2cf52f9000 r-xp 00000000 08:01 1570526                    /usr/lib/x86_64-linux-gnu/libnettle.so.4.7
7f2cf52f9000-7f2cf54f9000 ---p 0002f000 08:01 1570526                    /usr/lib/x86_64-linux-gnu/libnettle.so.4.7
7f2cf54f9000-7f2cf54fa000 r--p 0002f000 08:01 1570526                    /usr/lib/x86_64-linux-gnu/libnettle.so.4.7
7f2cf54fa000-7f2cf54fb000 rw-p 00030000 08:01 1570526                    /usr/lib/x86_64-linux-gnu/libnettle.so.4.7
7f2cf54fb000-7f2cf550c000 r-xp 00000000 08:01 1574676                    /usr/lib/x86_64-linux-gnu/libtasn1.so.6.3.0
7f2cf550c000-7f2cf570b000 ---p 00011000 08:01 1574676                    /usr/lib/x86_64-linux-gnu/libtasn1.so.6.3.0
7f2cf570b000-7f2cf570c000 r--p 00010000 08:01 1574676                    /usr/lib/x86_64-linux-gnu/libtasn1.so.6.3.0
7f2cf570c000-7f2cf570d000 rw-p 00011000 08:01 1574676                    /usr/lib/x86_64-linux-gnu/libtasn1.so.6.3.0
7f2cf570d000-7f2cf5748000 r-xp 00000000 08:01 1570296                    /usr/lib/x86_64-linux-gnu/libp11-kit.so.0.0.0
7f2cf5748000-7f2cf5947000 ---p 0003b000 08:01 1570296                    /usr/lib/x86_64-linux-gnu/libp11-kit.so.0.0.0
7f2cf5947000-7f2cf594d000 r--p 0003a000 08:01 1570296                    /usr/lib/x86_64-linux-gnu/libp11-kit.so.0.0.0
7f2cf594d000-7f2cf594f000 rw-p 00040000 08:01 1570296                    /usr/lib/x86_64-linux-gnu/libp11-kit.so.0.0.0
7f2cf594f000-7f2cf5959000 r-xp 00000000 08:01 1575498                    /usr/lib/x86_64-linux-gnu/libkrb5support.so.0.1
7f2cf5959000-7f2cf5b58000 ---p 0000a000 08:01 1575498                    /usr/lib/x86_64-linux-gnu/libkrb5support.so.0.1
7f2cf5b58000-7f2cf5b59000 r--p 00009000 08:01 1575498                    /usr/lib/x86_64-linux-gnu/libkrb5support.so.0.1
7f2cf5b59000-7f2cf5b5a000 rw-p 0000a000 08:01 1575498                    /usr/lib/x86_64-linux-gnu/libkrb5support.so.0.1
7f2cf5b5a000-7f2cf5b5d000 r-xp 00000000 08:01 392532                     /lib/x86_64-linux-gnu/libcom_err.so.2.1
7f2cf5b5d000-7f2cf5d5c000 ---p 00003000 08:01 392532                     /lib/x86_64-linux-gnu/libcom_err.so.2.1
7f2cf5d5c000-7f2cf5d5d000 r--p 00002000 08:01 392532                     /lib/x86_64-linux-gnu/libcom_err.so.2.1
7f2cf5d5d000-7f2cf5d5e000 rw-p 00003000 08:01 392532                     /lib/x86_64-linux-gnu/libcom_err.so.2.1
7f2cf5d5e000-7f2cf5d8b000 r-xp 00000000 08:01 1572485                    /usr/lib/x86_64-linux-gnu/libk5crypto.so.3.1
7f2cf5d8b000-7f2cf5f8a000 ---p 0002d000 08:01 1572485                    /usr/lib/x86_64-linux-gnu/libk5crypto.so.3.1
7f2cf5f8a000-7f2cf5f8c000 r--p 0002c000 08:01 1572485                    /usr/lib/x86_64-linux-gnu/libk5crypto.so.3.1
7f2cf5f8c000-7f2cf5f8d000 rw-p 0002e000 08:01 1572485                    /usr/lib/x86_64-linux-gnu/libk5crypto.so.3.1
7f2cf5f8d000-7f2cf5f8e000 rw-p 00000000 00:00 0 
7f2cf5f8e000-7f2cf604e000 r-xp 00000000 08:01 1575496                    /usr/lib/x86_64-linux-gnu/libkrb5.so.3.3
7f2cf604e000-7f2cf624e000 ---p 000c0000 08:01 1575496                    /usr/lib/x86_64-linux-gnu/libkrb5.so.3.3
7f2cf624e000-7f2cf625b000 r--p 000c0000 08:01 1575496                    /usr/lib/x86_64-linux-gnu/libkrb5.so.3.3
7f2cf625b000-7f2cf625d000 rw-p 000cd000 08:01 1575496                    /usr/lib/x86_64-linux-gnu/libkrb5.so.3.3
7f2cf625d000-7f2cf6262000 r-xp 00000000 08:01 1576870                    /usr/lib/x86_64-linux-gnu/libXdmcp.so.6.0.0
7f2cf6262000-7f2cf6461000 ---p 00005000 08:01 1576870                    /usr/lib/x86_64-linux-gnu/libXdmcp.so.6.0.0
7f2cf6461000-7f2cf6462000 r--p 00004000 08:01 1576870                    /usr/lib/x86_64-linux-gnu/libXdmcp.so.6.0.0
7f2cf6462000-7f2cf6463000 rw-p 00005000 08:01 1576870                    /usr/lib/x86_64-linux-gnu/libXdmcp.so.6.0.0
7f2cf6463000-7f2cf6465000 r-xp 00000000 08:01 1577631                    /usr/lib/x86_64-linux-gnu/libXau.so.6.0.0
7f2cf6465000-7f2cf6665000 ---p 00002000 08:01 1577631                    /usr/lib/x86_64-linux-gnu/libXau.so.6.0.0
7f2cf6665000-7f2cf6666000 r--p 00002000 08:01 1577631                    /usr/lib/x86_64-linux-gnu/libXau.so.6.0.0
7f2cf6666000-7f2cf6667000 rw-p 00003000 08:01 1577631                    /usr/lib/x86_64-linux-gnu/libXau.so.6.0.0
7f2cf6667000-7f2cf666e000 r-xp 00000000 08:01 1575756                    /usr/lib/x86_64-linux-gnu/libffi.so.6.0.2
7f2cf666e000-7f2cf686d000 ---p 00007000 08:01 1575756                    /usr/lib/x86_64-linux-gnu/libffi.so.6.0.2
7f2cf686d000-7f2cf686e000 r--p 00006000 08:01 1575756                    /usr/lib/x86_64-linux-gnu/libffi.so.6.0.2
7f2cf686e000-7f2cf686f000 rw-p 00007000 08:01 1575756                    /usr/lib/x86_64-linux-gnu/libffi.so.6.0.2
7f2cf686f000-7f2cf6886000 r-xp 00000000 08:01 393666                     /lib/x86_64-linux-gnu/libresolv-2.19.so
7f2cf6886000-7f2cf6a86000 ---p 00017000 08:01 393666                     /lib/x86_64-linux-gnu/libresolv-2.19.so
7f2cf6a86000-7f2cf6a87000 r--p 00017000 08:01 393666                     /lib/x86_64-linux-gnu/libresolv-2.19.so
7f2cf6a87000-7f2cf6a88000 rw-p 00018000 08:01 393666                     /lib/x86_64-linux-gnu/libresolv-2.19.so
7f2cf6a88000-7f2cf6a8a000 rw-p 00000000 00:00 0 
7f2cf6a8a000-7f2cf6aab000 r-xp 00000000 08:01 393686                     /lib/x86_64-linux-gnu/libselinux.so.1
7f2cf6aab000-7f2cf6caa000 ---p 00021000 08:01 393686                     /lib/x86_64-linux-gnu/libselinux.so.1
7f2cf6caa000-7f2cf6cab000 r--p 00020000 08:01 393686                     /lib/x86_64-linux-gnu/libselinux.so.1
7f2cf6cab000-7f2cf6cac000 rw-p 00021000 08:01 393686                     /lib/x86_64-linux-gnu/libselinux.so.1
7f2cf6cac000-7f2cf6cae000 rw-p 00000000 00:00 0 
7f2cf6cae000-7f2cf6dba000 r-xp 00000000 08:01 392502                     /lib/x86_64-linux-gnu/libglib-2.0.so.0.4200.1
7f2cf6dba000-7f2cf6fba000 ---p 0010c000 08:01 392502                     /lib/x86_64-linux-gnu/libglib-2.0.so.0.4200.1
7f2cf6fba000-7f2cf6fbb000 r--p 0010c000 08:01 392502                     /lib/x86_64-linux-gnu/libglib-2.0.so.0.4200.1
7f2cf6fbb000-7f2cf6fbc000 rw-p 0010d000 08:01 392502                     /lib/x86_64-linux-gnu/libglib-2.0.so.0.4200.1
7f2cf6fbc000-7f2cf6fbd000 rw-p 00000000 00:00 0 
7f2cf6fbd000-7f2cf6fc0000 r-xp 00000000 08:01 1571579                    /usr/lib/x86_64-linux-gnu/libgmodule-2.0.so.0.4200.1
7f2cf6fc0000-7f2cf71bf000 ---p 00003000 08:01 1571579                    /usr/lib/x86_64-linux-gnu/libgmodule-2.0.so.0.4200.1
7f2cf71bf000-7f2cf71c0000 r--p 00002000 08:01 1571579                    /usr/lib/x86_64-linux-gnu/libgmodule-2.0.so.0.4200.1
7f2cf71c0000-7f2cf71c1000 rw-p 00003000 08:01 1571579                    /usr/lib/x86_64-linux-gnu/libgmodule-2.0.so.0.4200.1
7f2cf71c1000-7f2cf71e7000 r-xp 00000000 08:01 393745                     /lib/x86_64-linux-gnu/libexpat.so.1.6.0
7f2cf71e7000-7f2cf73e6000 ---p 00026000 08:01 393745                     /lib/x86_64-linux-gnu/libexpat.so.1.6.0
7f2cf73e6000-7f2cf73e9000 r--p 00025000 08:01 393745                     /lib/x86_64-linux-gnu/libexpat.so.1.6.0
7f2cf73e9000-7f2cf73ea000 rw-p 00028000 08:01 393745                     /lib/x86_64-linux-gnu/libexpat.so.1.6.0
7f2cf73ea000-7f2cf748c000 r-xp 00000000 08:01 1574747                    /usr/lib/x86_64-linux-gnu/libfreetype.so.6.11.1
7f2cf748c000-7f2cf768b000 ---p 000a2000 08:01 1574747                    /usr/lib/x86_64-linux-gnu/libfreetype.so.6.11.1
7f2cf768b000-7f2cf7691000 r--p 000a1000 08:01 1574747                    /usr/lib/x86_64-linux-gnu/libfreetype.so.6.11.1
7f2cf7691000-7f2cf7692000 rw-p 000a7000 08:01 1574747                    /usr/lib/x86_64-linux-gnu/libfreetype.so.6.11.1
7f2cf7692000-7f2cf76a2000 r-xp 00000000 08:01 1570762                    /usr/lib/x86_64-linux-gnu/libavahi-client.so.3.2.9
7f2cf76a2000-7f2cf78a1000 ---p 00010000 08:01 1570762                    /usr/lib/x86_64-linux-gnu/libavahi-client.so.3.2.9
7f2cf78a1000-7f2cf78a2000 r--p 0000f000 08:01 1570762                    /usr/lib/x86_64-linux-gnu/libavahi-client.so.3.2.9
7f2cf78a2000-7f2cf78a3000 rw-p 00010000 08:01 1570762                    /usr/lib/x86_64-linux-gnu/libavahi-client.so.3.2.9
7f2cf78a3000-7f2cf78ae000 r-xp 00000000 08:01 1570678                    /usr/lib/x86_64-linux-gnu/libavahi-common.so.3.5.3
7f2cf78ae000-7f2cf7aad000 ---p 0000b000 08:01 1570678                    /usr/lib/x86_64-linux-gnu/libavahi-common.so.3.5.3
7f2cf7aad000-7f2cf7aae000 r--p 0000a000 08:01 1570678                    /usr/lib/x86_64-linux-gnu/libavahi-common.so.3.5.3
7f2cf7aae000-7f2cf7aaf000 rw-p 0000b000 08:01 1570678                    /usr/lib/x86_64-linux-gnu/libavahi-common.so.3.5.3
7f2cf7aaf000-7f2cf7bae000 r-xp 00000000 08:01 1576949                    /usr/lib/x86_64-linux-gnu/libgnutls-deb0.so.28.30.7
7f2cf7bae000-7f2cf7dad000 ---p 000ff000 08:01 1576949                    /usr/lib/x86_64-linux-gnu/libgnutls-deb0.so.28.30.7
7f2cf7dad000-7f2cf7db6000 r--p 000fe000 08:01 1576949                    /usr/lib/x86_64-linux-gnu/libgnutls-deb0.so.28.30.7
7f2cf7db6000-7f2cf7db8000 rw-p 00107000 08:01 1576949                    /usr/lib/x86_64-linux-gnu/libgnutls-deb0.so.28.30.7
7f2cf7db8000-7f2cf7dfd000 r-xp 00000000 08:01 1575494                    /usr/lib/x86_64-linux-gnu/libgssapi_krb5.so.2.2
7f2cf7dfd000-7f2cf7ffc000 ---p 00045000 08:01 1575494                    /usr/lib/x86_64-linux-gnu/libgssapi_krb5.so.2.2
7f2cf7ffc000-7f2cf7ffe000 r--p 00044000 08:01 1575494                    /usr/lib/x86_64-linux-gnu/libgssapi_krb5.so.2.2
7f2cf7ffe000-7f2cf7fff000 rw-p 00046000 08:01 1575494                    /usr/lib/x86_64-linux-gnu/libgssapi_krb5.so.2.2
7f2cf7fff000-7f2cf8000000 rw-p 00000000 00:00 0 
7f2cf8000000-7f2cf8397000 rw-p 00000000 00:00 0 
7f2cf8397000-7f2cfc000000 ---p 00000000 00:00 0 
7f2cfc000000-7f2cfc021000 rw-p 00000000 00:00 0 
7f2cfc021000-7f2d00000000 ---p 00000000 00:00 0 
7f2d00000000-7f2d00021000 rw-p 00000000 00:00 0 
7f2d00021000-7f2d04000000 ---p 00000000 00:00 0 
7f2d04000000-7f2d0426a000 rw-p 00000000 00:00 0 
7f2d0426a000-7f2d08000000 ---p 00000000 00:00 0 
7f2d08000000-7f2d08021000 rw-p 00000000 00:00 0 
7f2d08021000-7f2d0c000000 ---p 00000000 00:00 0 
7f2d0c000000-7f2d0c021000 rw-p 00000000 00:00 0 
7f2d0c021000-7f2d10000000 ---p 00000000 00:00 0 
7f2d10000000-7f2d10021000 rw-p 00000000 00:00 0 
7f2d10021000-7f2d14000000 ---p 00000000 00:00 0 
7f2d14000000-7f2d14021000 rw-p 00000000 00:00 0 
7f2d14021000-7f2d18000000 ---p 00000000 00:00 0 
7f2d18000000-7f2d18021000 rw-p 00000000 00:00 0 
7f2d18021000-7f2d1c000000 ---p 00000000 00:00 0 
7f2d1c019000-7f2d1c04e000 r--s 00000000 08:01 181785                     /var/cache/nscd/hosts
7f2d1c04e000-7f2d1c051000 ---p 00000000 00:00 0 
7f2d1c051000-7f2d1c14f000 rw-p 00000000 00:00 0                          [stack:4200]
7f2d1c14f000-7f2d1c16c000 r-xp 00000000 08:01 1578585                    /usr/lib/x86_64-linux-gnu/libxcb.so.1.1.0
7f2d1c16c000-7f2d1c36c000 ---p 0001d000 08:01 1578585                    /usr/lib/x86_64-linux-gnu/libxcb.so.1.1.0
7f2d1c36c000-7f2d1c36d000 r--p 0001d000 08:01 1578585                    /usr/lib/x86_64-linux-gnu/libxcb.so.1.1.0
7f2d1c36d000-7f2d1c36e000 rw-p 0001e000 08:01 1578585                    /usr/lib/x86_64-linux-gnu/libxcb.so.1.1.0
7f2d1c36e000-7f2d1c3be000 r-xp 00000000 08:01 1570739                    /usr/lib/x86_64-linux-gnu/libgobject-2.0.so.0.4200.1
7f2d1c3be000-7f2d1c5be000 ---p 00050000 08:01 1570739                    /usr/lib/x86_64-linux-gnu/libgobject-2.0.so.0.4200.1
7f2d1c5be000-7f2d1c5bf000 r--p 00050000 08:01 1570739                    /usr/lib/x86_64-linux-gnu/libgobject-2.0.so.0.4200.1
7f2d1c5bf000-7f2d1c5c0000 rw-p 00051000 08:01 1570739                    /usr/lib/x86_64-linux-gnu/libgobject-2.0.so.0.4200.1
7f2d1c5c0000-7f2d1c731000 r-xp 00000000 08:01 1571578                    /usr/lib/x86_64-linux-gnu/libgio-2.0.so.0.4200.1
7f2d1c731000-7f2d1c931000 ---p 00171000 08:01 1571578                    /usr/lib/x86_64-linux-gnu/libgio-2.0.so.0.4200.1
7f2d1c931000-7f2d1c935000 r--p 00171000 08:01 1571578                    /usr/lib/x86_64-linux-gnu/libgio-2.0.so.0.4200.1
7f2d1c935000-7f2d1c937000 rw-p 00175000 08:01 1571578                    /usr/lib/x86_64-linux-gnu/libgio-2.0.so.0.4200.1
7f2d1c937000-7f2d1c939000 rw-p 00000000 00:00 0 
7f2d1c939000-7f2d1c974000 r-xp 00000000 08:01 1572913                    /usr/lib/x86_64-linux-gnu/libfontconfig.so.1.8.0
7f2d1c974000-7f2d1cb73000 ---p 0003b000 08:01 1572913                    /usr/lib/x86_64-linux-gnu/libfontconfig.so.1.8.0
7f2d1cb73000-7f2d1cb75000 r--p 0003a000 08:01 1572913                    /usr/lib/x86_64-linux-gnu/libfontconfig.so.1.8.0
7f2d1cb75000-7f2d1cb76000 rw-p 0003c000 08:01 1572913                    /usr/lib/x86_64-linux-gnu/libfontconfig.so.1.8.0
7f2d1cb76000-7f2d1cbe3000 r-xp 00000000 08:01 1570153                    /usr/lib/x86_64-linux-gnu/libcups.so.2
7f2d1cbe3000-7f2d1cde3000 ---p 0006d000 08:01 1570153                    /usr/lib/x86_64-linux-gnu/libcups.so.2
7f2d1cde3000-7f2d1cdea000 r--p 0006d000 08:01 1570153                    /usr/lib/x86_64-linux-gnu/libcups.so.2
7f2d1cdea000-7f2d1cdeb000 rw-p 00074000 08:01 1570153                    /usr/lib/x86_64-linux-gnu/libcups.so.2
7f2d1cdeb000-7f2d1cdfa000 r-xp 00000000 08:01 1572569                    /usr/lib/x86_64-linux-gnu/libXi.so.6.1.0
7f2d1cdfa000-7f2d1cff9000 ---p 0000f000 08:01 1572569                    /usr/lib/x86_64-linux-gnu/libXi.so.6.1.0
7f2d1cff9000-7f2d1cffa000 r--p 0000e000 08:01 1572569                    /usr/lib/x86_64-linux-gnu/libXi.so.6.1.0
7f2d1cffa000-7f2d1cffb000 rw-p 0000f000 08:01 1572569                    /usr/lib/x86_64-linux-gnu/libXi.so.6.1.0
7f2d1cffb000-7f2d1d000000 r-xp 00000000 08:01 1577672                    /usr/lib/x86_64-linux-gnu/libXtst.so.6.1.0
7f2d1d000000-7f2d1d1ff000 ---p 00005000 08:01 1577672                    /usr/lib/x86_64-linux-gnu/libXtst.so.6.1.0
7f2d1d1ff000-7f2d1d200000 r--p 00004000 08:01 1577672                    /usr/lib/x86_64-linux-gnu/libXtst.so.6.1.0
7f2d1d200000-7f2d1d201000 rw-p 00005000 08:01 1577672                    /usr/lib/x86_64-linux-gnu/libXtst.so.6.1.0
7f2d1d201000-7f2d1d20a000 r-xp 00000000 08:01 1577666                    /usr/lib/x86_64-linux-gnu/libXrender.so.1.3.0
7f2d1d20a000-7f2d1d409000 ---p 00009000 08:01 1577666                    /usr/lib/x86_64-linux-gnu/libXrender.so.1.3.0
7f2d1d409000-7f2d1d40a000 r--p 00008000 08:01 1577666                    /usr/lib/x86_64-linux-gnu/libXrender.so.1.3.0
7f2d1d40a000-7f2d1d40b000 rw-p 00009000 08:01 1577666                    /usr/lib/x86_64-linux-gnu/libXrender.so.1.3.0
7f2d1d40b000-7f2d1d53e000 r-xp 00000000 08:01 1576926                    /usr/lib/x86_64-linux-gnu/libX11.so.6.3.0
7f2d1d53e000-7f2d1d73e000 ---p 00133000 08:01 1576926                    /usr/lib/x86_64-linux-gnu/libX11.so.6.3.0
7f2d1d73e000-7f2d1d73f000 r--p 00133000 08:01 1576926                    /usr/lib/x86_64-linux-gnu/libX11.so.6.3.0
7f2d1d73f000-7f2d1d743000 rw-p 00134000 08:01 1576926                    /usr/lib/x86_64-linux-gnu/libX11.so.6.3.0
7f2d1d743000-7f2d1d744000 rw-p 00000000 00:00 0 
7f2d1d744000-7f2d1d755000 r-xp 00000000 08:01 1577644                    /usr/lib/x86_64-linux-gnu/libXext.so.6.4.0
7f2d1d755000-7f2d1d954000 ---p 00011000 08:01 1577644                    /usr/lib/x86_64-linux-gnu/libXext.so.6.4.0
7f2d1d954000-7f2d1d955000 r--p 00010000 08:01 1577644                    /usr/lib/x86_64-linux-gnu/libXext.so.6.4.0
7f2d1d955000-7f2d1d956000 rw-p 00011000 08:01 1577644                    /usr/lib/x86_64-linux-gnu/libXext.so.6.4.0
7f2d1d966000-7f2d1d98c000 r--p 00000000 08:01 45706                      /usr/share/locale-langpack/fr/LC_MESSAGES/libc.mo
7f2d1d98c000-7f2d1d9d4000 r-xp 00000000 08:01 1705658                    /usr/lib/jvm/java-7-openjdk-amd64/jre/lib/amd64/xawt/libmawt.so
7f2d1d9d4000-7f2d1dbd4000 ---p 00048000 08:01 1705658                    /usr/lib/jvm/java-7-openjdk-amd64/jre/lib/amd64/xawt/libmawt.so
7f2d1dbd4000-7f2d1dbd5000 r--p 00048000 08:01 1705658                    /usr/lib/jvm/java-7-openjdk-amd64/jre/lib/amd64/xawt/libmawt.so
7f2d1dbd5000-7f2d1dbd8000 rw-p 00049000 08:01 1705658                    /usr/lib/jvm/java-7-openjdk-amd64/jre/lib/amd64/xawt/libmawt.so
7f2d1dbd8000-7f2d1dbd9000 rw-p 00000000 00:00 0 
7f2d1dbd9000-7f2d1dc79000 r-xp 00000000 08:01 1703320                    /usr/lib/jvm/java-7-openjdk-amd64/jre/lib/amd64/libawt.so
7f2d1dc79000-7f2d1de79000 ---p 000a0000 08:01 1703320                    /usr/lib/jvm/java-7-openjdk-amd64/jre/lib/amd64/libawt.so
7f2d1de79000-7f2d1de7a000 r--p 000a0000 08:01 1703320                    /usr/lib/jvm/java-7-openjdk-amd64/jre/lib/amd64/libawt.so
7f2d1de7a000-7f2d1de85000 rw-p 000a1000 08:01 1703320                    /usr/lib/jvm/java-7-openjdk-amd64/jre/lib/amd64/libawt.so
7f2d1de85000-7f2d1deaa000 rw-p 00000000 00:00 0 
7f2d1deaa000-7f2d1deab000 ---p 00000000 00:00 0 
7f2d1deab000-7f2d1dfab000 rw-p 00000000 00:00 0                          [stack:4199]
7f2d1dfab000-7f2d1dfae000 ---p 00000000 00:00 0 
7f2d1dfae000-7f2d1e0ac000 rw-p 00000000 00:00 0                          [stack:4198]
7f2d1e0ac000-7f2d1e0af000 ---p 00000000 00:00 0 
7f2d1e0af000-7f2d1e1ad000 rw-p 00000000 00:00 0                          [stack:4197]
7f2d1e1ad000-7f2d1e1b0000 ---p 00000000 00:00 0 
7f2d1e1b0000-7f2d1e2ae000 rw-p 00000000 00:00 0                          [stack:4196]
7f2d1e2ae000-7f2d1e2b1000 ---p 00000000 00:00 0 
7f2d1e2b1000-7f2d1e3af000 rw-p 00000000 00:00 0                          [stack:4195]
7f2d1e3af000-7f2d1ed85000 r--p 00000000 08:01 1574834                    /usr/lib/locale/locale-archive
7f2d1ed85000-7f2d1ed88000 ---p 00000000 00:00 0 
7f2d1ed88000-7f2d1ee86000 rw-p 00000000 00:00 0                          [stack:4194]
7f2d1ee86000-7f2d1ee89000 ---p 00000000 00:00 0 
7f2d1ee89000-7f2d1ef87000 rw-p 00000000 00:00 0                          [stack:4193]
7f2d1ef87000-7f2d1ef88000 ---p 00000000 00:00 0 
7f2d1ef88000-7f2d1fa3d000 rw-p 00000000 00:00 0                          [stack:4192]
7f2d1fa3d000-7f2d1fbef000 r--s 01d23000 08:01 1703352                    /usr/lib/jvm/java-7-openjdk-amd64/jre/lib/rt.jar
7f2d1fbef000-7f2d24401000 rw-p 00000000 00:00 0 
7f2d24401000-7f2d24402000 ---p 00000000 00:00 0 
7f2d24402000-7f2d2452c000 rw-p 00000000 00:00 0                          [stack:4191]
7f2d2452c000-7f2d24796000 rw-p 00000000 00:00 0 
7f2d24796000-7f2d247a1000 rw-p 00000000 00:00 0 
7f2d247a1000-7f2d247e9000 rw-p 00000000 00:00 0 
7f2d247e9000-7f2d24813000 rw-p 00000000 00:00 0 
7f2d24813000-7f2d24a7d000 rw-p 00000000 00:00 0 
7f2d24a7d000-7f2d24ac1000 rw-p 00000000 00:00 0 
7f2d24ac1000-7f2d24bc7000 rw-p 00000000 00:00 0 
7f2d24bc7000-7f2d24bc8000 rw-p 00000000 00:00 0 
7f2d24bc8000-7f2d24e38000 rwxp 00000000 00:00 0 
7f2d24e38000-7f2d27bc8000 rw-p 00000000 00:00 0 
7f2d27bc8000-7f2d27bd0000 r-xp 00000000 08:01 1703303                    /usr/lib/jvm/java-7-openjdk-amd64/jre/lib/amd64/libzip.so
7f2d27bd0000-7f2d27dcf000 ---p 00008000 08:01 1703303                    /usr/lib/jvm/java-7-openjdk-amd64/jre/lib/amd64/libzip.so
7f2d27dcf000-7f2d27dd0000 r--p 00007000 08:01 1703303                    /usr/lib/jvm/java-7-openjdk-amd64/jre/lib/amd64/libzip.so
7f2d27dd0000-7f2d27dd1000 rw-p 00008000 08:01 1703303                    /usr/lib/jvm/java-7-openjdk-amd64/jre/lib/amd64/libzip.so
7f2d27dd1000-7f2d27dfe000 r-xp 00000000 08:01 1703301                    /usr/lib/jvm/java-7-openjdk-amd64/jre/lib/amd64/libjava.so
7f2d27dfe000-7f2d27ffd000 ---p 0002d000 08:01 1703301                    /usr/lib/jvm/java-7-openjdk-amd64/jre/lib/amd64/libjava.so
7f2d27ffd000-7f2d27ffe000 r--p 0002c000 08:01 1703301                    /usr/lib/jvm/java-7-openjdk-amd64/jre/lib/amd64/libjava.so
7f2d27ffe000-7f2d28000000 rw-p 0002d000 08:01 1703301                    /usr/lib/jvm/java-7-openjdk-amd64/jre/lib/amd64/libjava.so
7f2d28000000-7f2d2821b000 rw-p 00000000 00:00 0 
7f2d2821b000-7f2d2c000000 ---p 00000000 00:00 0 
7f2d2c00c000-7f2d2c015000 r--s 000b9000 08:01 1703291                    /usr/lib/jvm/java-7-openjdk-amd64/jre/lib/resources.jar
7f2d2c015000-7f2d2c01c000 r--s 00000000 08:01 1734522                    /usr/lib/x86_64-linux-gnu/gconv/gconv-modules.cache
7f2d2c01c000-7f2d2c01d000 ---p 00000000 00:00 0 
7f2d2c01d000-7f2d2c127000 rw-p 00000000 00:00 0                          [stack:4190]
7f2d2c127000-7f2d2c1dd000 rw-p 00000000 00:00 0 
7f2d2c1dd000-7f2d2c1ee000 r-xp 00000000 08:01 1703319                    /usr/lib/jvm/java-7-openjdk-amd64/jre/lib/amd64/libverify.so
7f2d2c1ee000-7f2d2c3ed000 ---p 00011000 08:01 1703319                    /usr/lib/jvm/java-7-openjdk-amd64/jre/lib/amd64/libverify.so
7f2d2c3ed000-7f2d2c3ef000 r--p 00010000 08:01 1703319                    /usr/lib/jvm/java-7-openjdk-amd64/jre/lib/amd64/libverify.so
7f2d2c3ef000-7f2d2c3f0000 rw-p 00012000 08:01 1703319                    /usr/lib/jvm/java-7-openjdk-amd64/jre/lib/amd64/libverify.so
7f2d2c3f0000-7f2d2c3f7000 r-xp 00000000 08:01 394018                     /lib/x86_64-linux-gnu/librt-2.19.so
7f2d2c3f7000-7f2d2c5f6000 ---p 00007000 08:01 394018                     /lib/x86_64-linux-gnu/librt-2.19.so
7f2d2c5f6000-7f2d2c5f7000 r--p 00006000 08:01 394018                     /lib/x86_64-linux-gnu/librt-2.19.so
7f2d2c5f7000-7f2d2c5f8000 rw-p 00007000 08:01 394018                     /lib/x86_64-linux-gnu/librt-2.19.so
7f2d2c5f8000-7f2d2c60e000 r-xp 00000000 08:01 392463                     /lib/x86_64-linux-gnu/libgcc_s.so.1
7f2d2c60e000-7f2d2c80d000 ---p 00016000 08:01 392463                     /lib/x86_64-linux-gnu/libgcc_s.so.1
7f2d2c80d000-7f2d2c80e000 r--p 00015000 08:01 392463                     /lib/x86_64-linux-gnu/libgcc_s.so.1
7f2d2c80e000-7f2d2c80f000 rw-p 00016000 08:01 392463                     /lib/x86_64-linux-gnu/libgcc_s.so.1
7f2d2c80f000-7f2d2c914000 r-xp 00000000 08:01 392548                     /lib/x86_64-linux-gnu/libm-2.19.so
7f2d2c914000-7f2d2cb13000 ---p 00105000 08:01 392548                     /lib/x86_64-linux-gnu/libm-2.19.so
7f2d2cb13000-7f2d2cb14000 r--p 00104000 08:01 392548                     /lib/x86_64-linux-gnu/libm-2.19.so
7f2d2cb14000-7f2d2cb15000 rw-p 00105000 08:01 392548                     /lib/x86_64-linux-gnu/libm-2.19.so
7f2d2cb15000-7f2d2cc05000 r-xp 00000000 08:01 1579876                    /usr/lib/x86_64-linux-gnu/libstdc++.so.6.0.20
7f2d2cc05000-7f2d2ce05000 ---p 000f0000 08:01 1579876                    /usr/lib/x86_64-linux-gnu/libstdc++.so.6.0.20
7f2d2ce05000-7f2d2ce0d000 r--p 000f0000 08:01 1579876                    /usr/lib/x86_64-linux-gnu/libstdc++.so.6.0.20
7f2d2ce0d000-7f2d2ce0f000 rw-p 000f8000 08:01 1579876                    /usr/lib/x86_64-linux-gnu/libstdc++.so.6.0.20
7f2d2ce0f000-7f2d2ce24000 rw-p 00000000 00:00 0 
7f2d2ce24000-7f2d2d973000 r-xp 00000000 08:01 1703327                    /usr/lib/jvm/java-7-openjdk-amd64/jre/lib/amd64/server/libjvm.so
7f2d2d973000-7f2d2db73000 ---p 00b4f000 08:01 1703327                    /usr/lib/jvm/java-7-openjdk-amd64/jre/lib/amd64/server/libjvm.so
7f2d2db73000-7f2d2dc13000 r--p 00b4f000 08:01 1703327                    /usr/lib/jvm/java-7-openjdk-amd64/jre/lib/amd64/server/libjvm.so
7f2d2dc13000-7f2d2dc36000 rw-p 00bef000 08:01 1703327                    /usr/lib/jvm/java-7-openjdk-amd64/jre/lib/amd64/server/libjvm.so
7f2d2dc36000-7f2d2dc63000 rw-p 00000000 00:00 0 
7f2d2dc63000-7f2d2dc7b000 r-xp 00000000 08:01 396855                     /lib/x86_64-linux-gnu/libz.so.1.2.8
7f2d2dc7b000-7f2d2de7a000 ---p 00018000 08:01 396855                     /lib/x86_64-linux-gnu/libz.so.1.2.8
7f2d2de7a000-7f2d2de7b000 r--p 00017000 08:01 396855                     /lib/x86_64-linux-gnu/libz.so.1.2.8
7f2d2de7b000-7f2d2de7c000 rw-p 00018000 08:01 396855                     /lib/x86_64-linux-gnu/libz.so.1.2.8
7f2d2de7c000-7f2d2de95000 r-xp 00000000 08:01 393657                     /lib/x86_64-linux-gnu/libpthread-2.19.so
7f2d2de95000-7f2d2e094000 ---p 00019000 08:01 393657                     /lib/x86_64-linux-gnu/libpthread-2.19.so
7f2d2e094000-7f2d2e095000 r--p 00018000 08:01 393657                     /lib/x86_64-linux-gnu/libpthread-2.19.so
7f2d2e095000-7f2d2e096000 rw-p 00019000 08:01 393657                     /lib/x86_64-linux-gnu/libpthread-2.19.so
7f2d2e096000-7f2d2e09a000 rw-p 00000000 00:00 0 
7f2d2e09a000-7f2d2e09d000 r-xp 00000000 08:01 393655                     /lib/x86_64-linux-gnu/libdl-2.19.so
7f2d2e09d000-7f2d2e29c000 ---p 00003000 08:01 393655                     /lib/x86_64-linux-gnu/libdl-2.19.so
7f2d2e29c000-7f2d2e29d000 r--p 00002000 08:01 393655                     /lib/x86_64-linux-gnu/libdl-2.19.so
7f2d2e29d000-7f2d2e29e000 rw-p 00003000 08:01 393655                     /lib/x86_64-linux-gnu/libdl-2.19.so
7f2d2e29e000-7f2d2e458000 r-xp 00000000 08:01 393961                     /lib/x86_64-linux-gnu/libc-2.19.so
7f2d2e458000-7f2d2e657000 ---p 001ba000 08:01 393961                     /lib/x86_64-linux-gnu/libc-2.19.so
7f2d2e657000-7f2d2e65b000 r--p 001b9000 08:01 393961                     /lib/x86_64-linux-gnu/libc-2.19.so
7f2d2e65b000-7f2d2e65d000 rw-p 001bd000 08:01 393961                     /lib/x86_64-linux-gnu/libc-2.19.so
7f2d2e65d000-7f2d2e662000 rw-p 00000000 00:00 0 
7f2d2e662000-7f2d2e66f000 r-xp 00000000 08:01 1703328                    /usr/lib/jvm/java-7-openjdk-amd64/jre/lib/amd64/jli/libjli.so
7f2d2e66f000-7f2d2e86e000 ---p 0000d000 08:01 1703328                    /usr/lib/jvm/java-7-openjdk-amd64/jre/lib/amd64/jli/libjli.so
7f2d2e86e000-7f2d2e86f000 r--p 0000c000 08:01 1703328                    /usr/lib/jvm/java-7-openjdk-amd64/jre/lib/amd64/jli/libjli.so
7f2d2e86f000-7f2d2e870000 rw-p 0000d000 08:01 1703328                    /usr/lib/jvm/java-7-openjdk-amd64/jre/lib/amd64/jli/libjli.so
7f2d2e870000-7f2d2e893000 r-xp 00000000 08:01 393667                     /lib/x86_64-linux-gnu/ld-2.19.so
7f2d2e893000-7f2d2e897000 r--s 00034000 08:01 1703357                    /usr/lib/jvm/java-7-openjdk-amd64/jre/lib/ext/sunjce_provider.jar
7f2d2e897000-7f2d2e899000 r--s 00006000 08:01 1841419                    /usr/share/java/java-atk-wrapper.jar
7f2d2e899000-7f2d2e89d000 r--s 0003c000 08:01 1703358                    /usr/lib/jvm/java-7-openjdk-amd64/jre/lib/ext/sunpkcs11.jar
7f2d2e89d000-7f2d2e8a0000 r--s 0000f000 08:01 1703354                    /usr/lib/jvm/java-7-openjdk-amd64/jre/lib/ext/icedtea-sound.jar
7f2d2e8a0000-7f2d2e8a1000 r--s 00002000 08:01 1703353                    /usr/lib/jvm/java-7-openjdk-amd64/jre/lib/ext/dnsns.jar
7f2d2e8a1000-7f2d2e8a4000 r--s 00086000 08:01 1703355                    /usr/lib/jvm/java-7-openjdk-amd64/jre/lib/ext/localedata.jar
7f2d2e8a4000-7f2d2e8d7000 rw-p 00000000 00:00 0 
7f2d2e8d7000-7f2d2e91f000 rw-p 00000000 00:00 0 
7f2d2e91f000-7f2d2e954000 r--s 00000000 08:01 176525                     /var/cache/nscd/passwd
7f2d2e954000-7f2d2e957000 ---p 00000000 00:00 0 
7f2d2e957000-7f2d2ea5a000 rw-p 00000000 00:00 0                          [stack:4189]
7f2d2ea5a000-7f2d2ea5c000 r--s 00012000 08:01 1703356                    /usr/lib/jvm/java-7-openjdk-amd64/jre/lib/ext/zipfs.jar
7f2d2ea5c000-7f2d2ea86000 rw-p 00000000 00:00 0 
7f2d2ea86000-7f2d2ea8e000 rw-s 00000000 08:01 154207                     /tmp/hsperfdata_baillema/4184
7f2d2ea8e000-7f2d2ea8f000 rw-p 00000000 00:00 0 
7f2d2ea8f000-7f2d2ea90000 r--p 00000000 00:00 0 
7f2d2ea90000-7f2d2ea92000 rw-p 00000000 00:00 0 
7f2d2ea92000-7f2d2ea93000 r--p 00022000 08:01 393667                     /lib/x86_64-linux-gnu/ld-2.19.so
7f2d2ea93000-7f2d2ea94000 rw-p 00023000 08:01 393667                     /lib/x86_64-linux-gnu/ld-2.19.so
7f2d2ea94000-7f2d2ea95000 rw-p 00000000 00:00 0 
7fffafc39000-7fffafc5a000 rw-p 00000000 00:00 0                          [stack]
7fffafcff000-7fffafd01000 r-xp 00000000 00:00 0                          [vdso]
7fffafd01000-7fffafd03000 r--p 00000000 00:00 0                          [vvar]
ffffffffff600000-ffffffffff601000 r-xp 00000000 00:00 0                  [vsyscall]

VM Arguments:
jvm_args: -Dfile.encoding=UTF-8 
java_command: mainPackage.MainClass
Launcher Type: SUN_STANDARD

Environment Variables:
PATH=/usr/local/bin:/usr/local/sbin:/usr/bin:/usr/sbin:/bin:/sbin
SHELL=/bin/bash
DISPLAY=:0.0

Signal Handlers:
SIGSEGV: [libjvm.so+0x983340], sa_mask[0]=0x7ffbfeff, sa_flags=0x10000004
SIGBUS: [libjvm.so+0x983340], sa_mask[0]=0x7ffbfeff, sa_flags=0x10000004
SIGFPE: [libjvm.so+0x7efd90], sa_mask[0]=0x7ffbfeff, sa_flags=0x10000004
SIGPIPE: [libjvm.so+0x7efd90], sa_mask[0]=0x7ffbfeff, sa_flags=0x10000004
SIGXFSZ: [libjvm.so+0x7efd90], sa_mask[0]=0x7ffbfeff, sa_flags=0x10000004
SIGILL: [libjvm.so+0x7efd90], sa_mask[0]=0x7ffbfeff, sa_flags=0x10000004
SIGUSR1: SIG_DFL, sa_mask[0]=0x00000000, sa_flags=0x00000000
SIGUSR2: [libjvm.so+0x7efc10], sa_mask[0]=0x00000004, sa_flags=0x10000004
SIGHUP: [libjvm.so+0x7efe10], sa_mask[0]=0x7ffbfeff, sa_flags=0x10000004
SIGINT: [libjvm.so+0x7efe10], sa_mask[0]=0x7ffbfeff, sa_flags=0x10000004
SIGTERM: [libjvm.so+0x7efe10], sa_mask[0]=0x7ffbfeff, sa_flags=0x10000004
SIGQUIT: [libjvm.so+0x7efe10], sa_mask[0]=0x7ffbfeff, sa_flags=0x10000004
SIGTRAP: SIG_DFL, sa_mask[0]=0x00000000, sa_flags=0x00000000


---------------  S Y S T E M  ---------------

OS:Ubuntu 14.10 (utopic)
uname:Linux 3.16.0-31-generic #43-Ubuntu SMP Tue Mar 10 17:37:36 UTC 2015 x86_64
libc:glibc 2.19 NPTL 2.19 
rlimit: STACK 8192k, CORE 0k, NPROC 31552, NOFILE 4096, AS infinity
load average:0,05 0,18 0,22

/proc/meminfo:
MemTotal:        8108220 kB
MemFree:         4760564 kB
MemAvailable:    6554072 kB
Buffers:          224628 kB
Cached:          1665684 kB
SwapCached:            0 kB
Active:          2435588 kB
Inactive:         622524 kB
Active(anon):    1168516 kB
Inactive(anon):     7960 kB
Active(file):    1267072 kB
Inactive(file):   614564 kB
Unevictable:           0 kB
Mlocked:               0 kB
SwapTotal:       8193144 kB
SwapFree:        8193144 kB
Dirty:                76 kB
Writeback:             0 kB
AnonPages:       1158196 kB
Mapped:           218824 kB
Shmem:              8680 kB
Slab:             187452 kB
SReclaimable:     161616 kB
SUnreclaim:        25836 kB
KernelStack:        6864 kB
PageTables:        13940 kB
NFS_Unstable:          0 kB
Bounce:                0 kB
WritebackTmp:          0 kB
CommitLimit:    12247252 kB
Committed_AS:    2562084 kB
VmallocTotal:   34359738367 kB
VmallocUsed:      130164 kB
VmallocChunk:   34359586812 kB
HardwareCorrupted:     0 kB
AnonHugePages:    608256 kB
HugePages_Total:       0
HugePages_Free:        0
HugePages_Rsvd:        0
HugePages_Surp:        0
Hugepagesize:       2048 kB
DirectMap4k:      129020 kB
DirectMap2M:     8192000 kB


CPU:total 2 (2 cores per cpu, 1 threads per core) family 6 model 23 stepping 10, cmov, cx8, fxsr, mmx, sse, sse2, sse3, ssse3, tsc

/proc/cpuinfo:
processor	: 0
vendor_id	: GenuineIntel
cpu family	: 6
model		: 23
model name	: Pentium(R) Dual-Core  CPU      E5400  @ 2.70GHz
stepping	: 10
microcode	: 0xa07
cpu MHz		: 2700.000
cache size	: 2048 KB
physical id	: 0
siblings	: 2
core id		: 0
cpu cores	: 2
apicid		: 0
initial apicid	: 0
fpu		: yes
fpu_exception	: yes
cpuid level	: 13
wp		: yes
flags		: fpu vme de pse tsc msr pae mce cx8 apic sep mtrr pge mca cmov pat pse36 clflush dts acpi mmx fxsr sse sse2 ss ht tm pbe syscall nx lm constant_tsc arch_perfmon pebs bts rep_good nopl aperfmperf pni dtes64 monitor ds_cpl vmx est tm2 ssse3 cx16 xtpr pdcm xsave lahf_lm dtherm tpr_shadow vnmi flexpriority
bogomips	: 5386.52
clflush size	: 64
cache_alignment	: 64
address sizes	: 36 bits physical, 48 bits virtual
power management:

processor	: 1
vendor_id	: GenuineIntel
cpu family	: 6
model		: 23
model name	: Pentium(R) Dual-Core  CPU      E5400  @ 2.70GHz
stepping	: 10
microcode	: 0xa07
cpu MHz		: 2700.000
cache size	: 2048 KB
physical id	: 0
siblings	: 2
core id		: 1
cpu cores	: 2
apicid		: 1
initial apicid	: 1
fpu		: yes
fpu_exception	: yes
cpuid level	: 13
wp		: yes
flags		: fpu vme de pse tsc msr pae mce cx8 apic sep mtrr pge mca cmov pat pse36 clflush dts acpi mmx fxsr sse sse2 ss ht tm pbe syscall nx lm constant_tsc arch_perfmon pebs bts rep_good nopl aperfmperf pni dtes64 monitor ds_cpl vmx est tm2 ssse3 cx16 xtpr pdcm xsave lahf_lm dtherm tpr_shadow vnmi flexpriority
bogomips	: 5386.52
clflush size	: 64
cache_alignment	: 64
address sizes	: 36 bits physical, 48 bits virtual
power management:



Memory: 4k page, physical 8108220k(4760564k free), swap 8193144k(8193144k free)

vm_info: OpenJDK 64-Bit Server VM (24.75-b04) for linux-amd64 JRE (1.7.0_75-b13), built on Jan 27 2015 00:46:28 by "buildd" with gcc 4.9.1

time: Thu May 21 15:55:03 2015
elapsed time: 1302 seconds

